[www.spotify.com/vn-vi/premium/indexf9a3.html]
[www.google-analytics.com/analytics.js]
[backblue.gif]
[fade.gif]
[index.html]
[www.scdn.co/i/_global/favicon.png]
[www.scdn.co/i/_global/touch-icon-144.png]
[www.scdn.co/i/_global/touch-icon-114.png]
[www.scdn.co/webpack/jquery-2.1.3.min.920587d20edf4bb0df0a.js]
[www.scdn.co/i/_global/touch-icon-72.png]
[www.scdn.co/i/_global/touch-icon-57.png]
[www.scdn.co/build/css/spotify-933524bd09.css]
[www.scdn.co/build/css/premium-d806f645a7.css]
[www.scdn.co/webpack/tracking.download.cae36cf7092e557ea400.js]
[www.scdn.co/webpack/sp-analytics.6801ffbc096a27fc8798.js]
[www.scdn.co/webpack/jquery-lazyload.3fbcadcc8c972da0f544.js]
[www.spotify.com/vn-vi/premium/indexf9a3.html]
[vt.myvisualiq.net/2/afTxMmlGwCNRJiC5Bd75ug==/vt-150.js]
[www.googletagmanager.com/gtm5445.html]
[www.scdn.co/webpack/spweb-site.min.3b9723ba00ba65285f92.js]
[sp-bootstrap.global.ssl.fastly.net/8.2.4/images/icon-chevron-left.png]
[sp-bootstrap.global.ssl.fastly.net/8.2.4/images/icon-chevron-right.png]
[www.scdn.co/i/landing/amazonalexa/voice-bg.jpg]
[www.scdn.co/i/connect/header-spikes-sm.jpg]
[www.scdn.co/i/connect/header-spikes-xs.jpg]
[www.scdn.co/i/connect/premium-bg.jpg]
[www.scdn.co/i/connect/premium-bg-lg.png]
[www.scdn.co/i/connect/premium-bg-sm.png]
[www.scdn.co/i/playstation/playstation-header-bg-md.jpg]
[www.scdn.co/i/playstation/playstation-header-bg-lg.jpg]
[www.scdn.co/i/playstation/playstation-header-bg-sm.jpg]
[www.scdn.co/i/playstation/playstation-header-bg-xs.jpg]
[www.scdn.co/i/playstation/playstation-premium-bg-md.png]
[www.scdn.co/i/playstation/playstation-premium-bg-lg.png]
[www.scdn.co/i/playstation/playstation-premium-bg-sm.png]
[www.scdn.co/i/playstation/playstation-premium-bg-xs.png]
[www.scdn.co/i/xbox/xbox-header-bg-md.jpg]
[www.scdn.co/i/xbox/xbox-header-bg-lg.jpg]
[www.scdn.co/i/xbox/xbox-header-bg-sm.jpg]
[www.scdn.co/i/xbox/xbox-header-bg-xs.jpg]
[www.scdn.co/build/css/spotify-933524bd09.css]
[www.scdn.co/i/home/segmented-home/premium_dancer.png]
[www.scdn.co/build/css/premium-d806f645a7.css]
[vt.myvisualiq.net/2/afTxMmlGwCNRJiC5Bd75ug==/vt-150.js]
